<?xml version="1.0" encoding="UTF-8"?>
<testsuite xmlns:xsi="http://www.w3.org/2001/XMLSchema-instance" xsi:noNamespaceSchemaLocation="https://maven.apache.org/surefire/maven-surefire-plugin/xsd/surefire-test-report.xsd" name="dev.snowdrop.example.LocalTest" time="4.511" tests="2" errors="0" skipped="0" failures="0">
  <properties>
    <property name="java.specification.version" value="21"/>
    <property name="sun.jnu.encoding" value="UTF-8"/>
    <property name="java.class.path" value="/home/peter/Documents/munka/mvm/openshift_git_projects/rest-http-example/target/test-classes:/home/peter/Documents/munka/mvm/openshift_git_projects/rest-http-example/target/classes:/home/peter/.m2/repository/org/springframework/boot/spring-boot-starter-actuator/2.7.18/spring-boot-starter-actuator-2.7.18.jar:/home/peter/.m2/repository/org/springframework/boot/spring-boot-starter/2.7.18/spring-boot-starter-2.7.18.jar:/home/peter/.m2/repository/org/springframework/boot/spring-boot-starter-logging/2.7.18/spring-boot-starter-logging-2.7.18.jar:/home/peter/.m2/repository/ch/qos/logback/logback-classic/1.2.12/logback-classic-1.2.12.jar:/home/peter/.m2/repository/ch/qos/logback/logback-core/1.2.12/logback-core-1.2.12.jar:/home/peter/.m2/repository/org/apache/logging/log4j/log4j-to-slf4j/2.17.2/log4j-to-slf4j-2.17.2.jar:/home/peter/.m2/repository/org/apache/logging/log4j/log4j-api/2.17.2/log4j-api-2.17.2.jar:/home/peter/.m2/repository/org/slf4j/jul-to-slf4j/1.7.36/jul-to-slf4j-1.7.36.jar:/home/peter/.m2/repository/jakarta/annotation/jakarta.annotation-api/1.3.5/jakarta.annotation-api-1.3.5.jar:/home/peter/.m2/repository/org/yaml/snakeyaml/1.30/snakeyaml-1.30.jar:/home/peter/.m2/repository/org/springframework/boot/spring-boot-actuator-autoconfigure/2.7.18/spring-boot-actuator-autoconfigure-2.7.18.jar:/home/peter/.m2/repository/org/springframework/boot/spring-boot-actuator/2.7.18/spring-boot-actuator-2.7.18.jar:/home/peter/.m2/repository/io/micrometer/micrometer-core/1.9.17/micrometer-core-1.9.17.jar:/home/peter/.m2/repository/org/hdrhistogram/HdrHistogram/2.1.12/HdrHistogram-2.1.12.jar:/home/peter/.m2/repository/org/latencyutils/LatencyUtils/2.0.3/LatencyUtils-2.0.3.jar:/home/peter/.m2/repository/org/jboss/resteasy/resteasy-spring-boot-starter/3.9.4.Final/resteasy-spring-boot-starter-3.9.4.Final.jar:/home/peter/.m2/repository/org/springframework/boot/spring-boot-starter-web/2.7.18/spring-boot-starter-web-2.7.18.jar:/home/peter/.m2/repository/org/springframework/boot/spring-boot-starter-json/2.7.18/spring-boot-starter-json-2.7.18.jar:/home/peter/.m2/repository/org/springframework/boot/spring-boot-starter-tomcat/2.7.18/spring-boot-starter-tomcat-2.7.18.jar:/home/peter/.m2/repository/org/apache/tomcat/embed/tomcat-embed-core/9.0.83/tomcat-embed-core-9.0.83.jar:/home/peter/.m2/repository/org/apache/tomcat/embed/tomcat-embed-el/9.0.83/tomcat-embed-el-9.0.83.jar:/home/peter/.m2/repository/org/apache/tomcat/embed/tomcat-embed-websocket/9.0.83/tomcat-embed-websocket-9.0.83.jar:/home/peter/.m2/repository/org/springframework/spring-web/5.3.31/spring-web-5.3.31.jar:/home/peter/.m2/repository/org/springframework/spring-beans/5.3.31/spring-beans-5.3.31.jar:/home/peter/.m2/repository/org/springframework/spring-webmvc/5.3.31/spring-webmvc-5.3.31.jar:/home/peter/.m2/repository/org/springframework/spring-aop/5.3.31/spring-aop-5.3.31.jar:/home/peter/.m2/repository/org/springframework/spring-expression/5.3.31/spring-expression-5.3.31.jar:/home/peter/.m2/repository/org/jboss/resteasy/resteasy-jaxrs/3.15.3.Final/resteasy-jaxrs-3.15.3.Final.jar:/home/peter/.m2/repository/org/jboss/spec/javax/ws/rs/jboss-jaxrs-api_2.1_spec/2.0.1.Final/jboss-jaxrs-api_2.1_spec-2.0.1.Final.jar:/home/peter/.m2/repository/org/jboss/spec/javax/xml/bind/jboss-jaxb-api_2.3_spec/2.0.1.Final/jboss-jaxb-api_2.3_spec-2.0.1.Final.jar:/home/peter/.m2/repository/org/reactivestreams/reactive-streams/1.0.4/reactive-streams-1.0.4.jar:/home/peter/.m2/repository/jakarta/validation/jakarta.validation-api/2.0.2/jakarta.validation-api-2.0.2.jar:/home/peter/.m2/repository/org/jboss/spec/javax/annotation/jboss-annotations-api_1.3_spec/2.0.1.Final/jboss-annotations-api_1.3_spec-2.0.1.Final.jar:/home/peter/.m2/repository/com/sun/activation/jakarta.activation/1.2.2/jakarta.activation-1.2.2.jar:/home/peter/.m2/repository/commons-io/commons-io/2.5/commons-io-2.5.jar:/home/peter/.m2/repository/com/github/stephenc/jcip/jcip-annotations/1.0-1/jcip-annotations-1.0-1.jar:/home/peter/.m2/repository/org/jboss/resteasy/resteasy-servlet-initializer/3.15.3.Final/resteasy-servlet-initializer-3.15.3.Final.jar:/home/peter/.m2/repository/org/jboss/resteasy/resteasy-spring/3.15.3.Final/resteasy-spring-3.15.3.Final.jar:/home/peter/.m2/repository/org/jboss/resteasy/resteasy-jackson2-provider/3.15.3.Final/resteasy-jackson2-provider-3.15.3.Final.jar:/home/peter/.m2/repository/com/github/fge/json-patch/1.9/json-patch-1.9.jar:/home/peter/.m2/repository/com/github/fge/jackson-coreutils/1.6/jackson-coreutils-1.6.jar:/home/peter/.m2/repository/com/github/fge/msg-simple/1.1/msg-simple-1.1.jar:/home/peter/.m2/repository/com/github/fge/btf/1.2/btf-1.2.jar:/home/peter/.m2/repository/javax/servlet/javax.servlet-api/4.0.1/javax.servlet-api-4.0.1.jar:/home/peter/.m2/repository/javax/annotation/javax.annotation-api/1.3.2/javax.annotation-api-1.3.2.jar:/home/peter/.m2/repository/org/glassfish/javax.json/1.1.2/javax.json-1.1.2.jar:/home/peter/.m2/repository/javax/json/javax.json-api/1.1.4/javax.json-api-1.1.4.jar:/home/peter/.m2/repository/org/slf4j/slf4j-api/1.7.36/slf4j-api-1.7.36.jar:/home/peter/.m2/repository/org/jboss/logging/jboss-logging/3.4.3.Final/jboss-logging-3.4.3.Final.jar:/home/peter/.m2/repository/com/fasterxml/jackson/core/jackson-databind/2.13.5/jackson-databind-2.13.5.jar:/home/peter/.m2/repository/com/fasterxml/jackson/core/jackson-core/2.13.5/jackson-core-2.13.5.jar:/home/peter/.m2/repository/com/fasterxml/jackson/jaxrs/jackson-jaxrs-json-provider/2.13.5/jackson-jaxrs-json-provider-2.13.5.jar:/home/peter/.m2/repository/com/fasterxml/jackson/jaxrs/jackson-jaxrs-base/2.13.5/jackson-jaxrs-base-2.13.5.jar:/home/peter/.m2/repository/com/fasterxml/jackson/module/jackson-module-jaxb-annotations/2.13.5/jackson-module-jaxb-annotations-2.13.5.jar:/home/peter/.m2/repository/com/fasterxml/jackson/datatype/jackson-datatype-jdk8/2.13.5/jackson-datatype-jdk8-2.13.5.jar:/home/peter/.m2/repository/com/fasterxml/jackson/module/jackson-module-parameter-names/2.13.5/jackson-module-parameter-names-2.13.5.jar:/home/peter/.m2/repository/com/fasterxml/jackson/datatype/jackson-datatype-jsr310/2.13.5/jackson-datatype-jsr310-2.13.5.jar:/home/peter/.m2/repository/com/fasterxml/jackson/core/jackson-annotations/2.13.5/jackson-annotations-2.13.5.jar:/home/peter/.m2/repository/com/google/guava/guava/25.0-jre/guava-25.0-jre.jar:/home/peter/.m2/repository/com/google/code/findbugs/jsr305/1.3.9/jsr305-1.3.9.jar:/home/peter/.m2/repository/org/checkerframework/checker-compat-qual/2.0.0/checker-compat-qual-2.0.0.jar:/home/peter/.m2/repository/com/google/errorprone/error_prone_annotations/2.1.3/error_prone_annotations-2.1.3.jar:/home/peter/.m2/repository/com/google/j2objc/j2objc-annotations/1.1/j2objc-annotations-1.1.jar:/home/peter/.m2/repository/org/codehaus/mojo/animal-sniffer-annotations/1.14/animal-sniffer-annotations-1.14.jar:/home/peter/.m2/repository/org/junit/jupiter/junit-jupiter-api/5.8.2/junit-jupiter-api-5.8.2.jar:/home/peter/.m2/repository/org/opentest4j/opentest4j/1.2.0/opentest4j-1.2.0.jar:/home/peter/.m2/repository/org/junit/platform/junit-platform-commons/1.8.2/junit-platform-commons-1.8.2.jar:/home/peter/.m2/repository/org/apiguardian/apiguardian-api/1.1.2/apiguardian-api-1.1.2.jar:/home/peter/.m2/repository/org/springframework/boot/spring-boot-devtools/2.7.18/spring-boot-devtools-2.7.18.jar:/home/peter/.m2/repository/org/springframework/boot/spring-boot/2.7.18/spring-boot-2.7.18.jar:/home/peter/.m2/repository/org/springframework/spring-context/5.3.31/spring-context-5.3.31.jar:/home/peter/.m2/repository/org/springframework/boot/spring-boot-autoconfigure/2.7.18/spring-boot-autoconfigure-2.7.18.jar:/home/peter/.m2/repository/org/springframework/boot/spring-boot-starter-test/2.7.18/spring-boot-starter-test-2.7.18.jar:/home/peter/.m2/repository/org/springframework/boot/spring-boot-test/2.7.18/spring-boot-test-2.7.18.jar:/home/peter/.m2/repository/org/springframework/boot/spring-boot-test-autoconfigure/2.7.18/spring-boot-test-autoconfigure-2.7.18.jar:/home/peter/.m2/repository/com/jayway/jsonpath/json-path/2.7.0/json-path-2.7.0.jar:/home/peter/.m2/repository/net/minidev/json-smart/2.4.11/json-smart-2.4.11.jar:/home/peter/.m2/repository/net/minidev/accessors-smart/2.4.11/accessors-smart-2.4.11.jar:/home/peter/.m2/repository/org/ow2/asm/asm/9.3/asm-9.3.jar:/home/peter/.m2/repository/jakarta/xml/bind/jakarta.xml.bind-api/2.3.3/jakarta.xml.bind-api-2.3.3.jar:/home/peter/.m2/repository/jakarta/activation/jakarta.activation-api/1.2.2/jakarta.activation-api-1.2.2.jar:/home/peter/.m2/repository/org/assertj/assertj-core/3.22.0/assertj-core-3.22.0.jar:/home/peter/.m2/repository/org/hamcrest/hamcrest/2.2/hamcrest-2.2.jar:/home/peter/.m2/repository/org/junit/jupiter/junit-jupiter/5.8.2/junit-jupiter-5.8.2.jar:/home/peter/.m2/repository/org/junit/jupiter/junit-jupiter-params/5.8.2/junit-jupiter-params-5.8.2.jar:/home/peter/.m2/repository/org/mockito/mockito-core/4.5.1/mockito-core-4.5.1.jar:/home/peter/.m2/repository/net/bytebuddy/byte-buddy/1.12.23/byte-buddy-1.12.23.jar:/home/peter/.m2/repository/net/bytebuddy/byte-buddy-agent/1.12.23/byte-buddy-agent-1.12.23.jar:/home/peter/.m2/repository/org/objenesis/objenesis/3.2/objenesis-3.2.jar:/home/peter/.m2/repository/org/mockito/mockito-junit-jupiter/4.5.1/mockito-junit-jupiter-4.5.1.jar:/home/peter/.m2/repository/org/skyscreamer/jsonassert/1.5.1/jsonassert-1.5.1.jar:/home/peter/.m2/repository/com/vaadin/external/google/android-json/0.0.20131108.vaadin1/android-json-0.0.20131108.vaadin1.jar:/home/peter/.m2/repository/org/springframework/spring-core/5.3.31/spring-core-5.3.31.jar:/home/peter/.m2/repository/org/springframework/spring-jcl/5.3.31/spring-jcl-5.3.31.jar:/home/peter/.m2/repository/org/springframework/spring-test/5.3.31/spring-test-5.3.31.jar:/home/peter/.m2/repository/org/xmlunit/xmlunit-core/2.9.1/xmlunit-core-2.9.1.jar:/home/peter/.m2/repository/io/rest-assured/rest-assured/4.5.1/rest-assured-4.5.1.jar:/home/peter/.m2/repository/org/codehaus/groovy/groovy/3.0.19/groovy-3.0.19.jar:/home/peter/.m2/repository/org/codehaus/groovy/groovy-xml/3.0.19/groovy-xml-3.0.19.jar:/home/peter/.m2/repository/org/apache/httpcomponents/httpclient/4.5.14/httpclient-4.5.14.jar:/home/peter/.m2/repository/org/apache/httpcomponents/httpcore/4.4.16/httpcore-4.4.16.jar:/home/peter/.m2/repository/commons-codec/commons-codec/1.15/commons-codec-1.15.jar:/home/peter/.m2/repository/org/apache/httpcomponents/httpmime/4.5.14/httpmime-4.5.14.jar:/home/peter/.m2/repository/org/ccil/cowan/tagsoup/tagsoup/1.2.1/tagsoup-1.2.1.jar:/home/peter/.m2/repository/io/rest-assured/json-path/4.5.1/json-path-4.5.1.jar:/home/peter/.m2/repository/org/codehaus/groovy/groovy-json/3.0.19/groovy-json-3.0.19.jar:/home/peter/.m2/repository/io/rest-assured/rest-assured-common/4.5.1/rest-assured-common-4.5.1.jar:/home/peter/.m2/repository/io/rest-assured/xml-path/4.5.1/xml-path-4.5.1.jar:/home/peter/.m2/repository/org/apache/commons/commons-lang3/3.12.0/commons-lang3-3.12.0.jar:/home/peter/.m2/repository/io/dekorate/openshift-junit/2.11.6/openshift-junit-2.11.6.jar:/home/peter/.m2/repository/io/dekorate/dekorate-core/2.11.6/dekorate-core-2.11.6.jar:/home/peter/.m2/repository/io/fabric8/kubernetes-client/5.12.1/kubernetes-client-5.12.1.jar:/home/peter/.m2/repository/io/fabric8/kubernetes-model-core/5.12.1/kubernetes-model-core-5.12.1.jar:/home/peter/.m2/repository/io/fabric8/kubernetes-model-common/5.12.1/kubernetes-model-common-5.12.1.jar:/home/peter/.m2/repository/io/fabric8/kubernetes-model-rbac/5.12.1/kubernetes-model-rbac-5.12.1.jar:/home/peter/.m2/repository/io/fabric8/kubernetes-model-admissionregistration/5.12.1/kubernetes-model-admissionregistration-5.12.1.jar:/home/peter/.m2/repository/io/fabric8/kubernetes-model-apps/5.12.1/kubernetes-model-apps-5.12.1.jar:/home/peter/.m2/repository/io/fabric8/kubernetes-model-autoscaling/5.12.1/kubernetes-model-autoscaling-5.12.1.jar:/home/peter/.m2/repository/io/fabric8/kubernetes-model-apiextensions/5.12.1/kubernetes-model-apiextensions-5.12.1.jar:/home/peter/.m2/repository/io/fabric8/kubernetes-model-batch/5.12.1/kubernetes-model-batch-5.12.1.jar:/home/peter/.m2/repository/io/fabric8/kubernetes-model-certificates/5.12.1/kubernetes-model-certificates-5.12.1.jar:/home/peter/.m2/repository/io/fabric8/kubernetes-model-coordination/5.12.1/kubernetes-model-coordination-5.12.1.jar:/home/peter/.m2/repository/io/fabric8/kubernetes-model-discovery/5.12.1/kubernetes-model-discovery-5.12.1.jar:/home/peter/.m2/repository/io/fabric8/kubernetes-model-events/5.12.1/kubernetes-model-events-5.12.1.jar:/home/peter/.m2/repository/io/fabric8/kubernetes-model-extensions/5.12.1/kubernetes-model-extensions-5.12.1.jar:/home/peter/.m2/repository/io/fabric8/kubernetes-model-flowcontrol/5.12.1/kubernetes-model-flowcontrol-5.12.1.jar:/home/peter/.m2/repository/io/fabric8/kubernetes-model-networking/5.12.1/kubernetes-model-networking-5.12.1.jar:/home/peter/.m2/repository/io/fabric8/kubernetes-model-metrics/5.12.1/kubernetes-model-metrics-5.12.1.jar:/home/peter/.m2/repository/io/fabric8/kubernetes-model-policy/5.12.1/kubernetes-model-policy-5.12.1.jar:/home/peter/.m2/repository/io/fabric8/kubernetes-model-scheduling/5.12.1/kubernetes-model-scheduling-5.12.1.jar:/home/peter/.m2/repository/io/fabric8/kubernetes-model-storageclass/5.12.1/kubernetes-model-storageclass-5.12.1.jar:/home/peter/.m2/repository/io/fabric8/kubernetes-model-node/5.12.1/kubernetes-model-node-5.12.1.jar:/home/peter/.m2/repository/com/squareup/okhttp3/okhttp/4.9.3/okhttp-4.9.3.jar:/home/peter/.m2/repository/com/squareup/okio/okio/2.8.0/okio-2.8.0.jar:/home/peter/.m2/repository/org/jetbrains/kotlin/kotlin-stdlib-common/1.6.21/kotlin-stdlib-common-1.6.21.jar:/home/peter/.m2/repository/org/jetbrains/kotlin/kotlin-stdlib/1.6.21/kotlin-stdlib-1.6.21.jar:/home/peter/.m2/repository/org/jetbrains/annotations/13.0/annotations-13.0.jar:/home/peter/.m2/repository/com/squareup/okhttp3/logging-interceptor/4.9.3/logging-interceptor-4.9.3.jar:/home/peter/.m2/repository/org/jetbrains/kotlin/kotlin-stdlib-jdk8/1.6.21/kotlin-stdlib-jdk8-1.6.21.jar:/home/peter/.m2/repository/org/jetbrains/kotlin/kotlin-stdlib-jdk7/1.6.21/kotlin-stdlib-jdk7-1.6.21.jar:/home/peter/.m2/repository/io/fabric8/zjsonpatch/0.3.0/zjsonpatch-0.3.0.jar:/home/peter/.m2/repository/com/github/mifmif/generex/1.0.2/generex-1.0.2.jar:/home/peter/.m2/repository/dk/brics/automaton/automaton/1.11-8/automaton-1.11-8.jar:/home/peter/.m2/repository/org/apache/commons/commons-compress/1.21/commons-compress-1.21.jar:/home/peter/.m2/repository/com/fasterxml/jackson/dataformat/jackson-dataformat-yaml/2.13.5/jackson-dataformat-yaml-2.13.5.jar:/home/peter/.m2/repository/com/fasterxml/jackson/dataformat/jackson-dataformat-properties/2.13.5/jackson-dataformat-properties-2.13.5.jar:/home/peter/.m2/repository/org/fusesource/jansi/jansi/1.18/jansi-1.18.jar:/home/peter/.m2/repository/io/dekorate/core-junit/2.11.6/core-junit-2.11.6.jar:/home/peter/.m2/repository/io/dekorate/openshift-annotations/2.11.6/openshift-annotations-2.11.6.jar:/home/peter/.m2/repository/io/dekorate/option-annotations/2.11.6/option-annotations-2.11.6.jar:/home/peter/.m2/repository/io/dekorate/s2i-annotations/2.11.6/s2i-annotations-2.11.6.jar:/home/peter/.m2/repository/io/fabric8/openshift-client/5.12.1/openshift-client-5.12.1.jar:/home/peter/.m2/repository/io/fabric8/openshift-model/5.12.1/openshift-model-5.12.1.jar:/home/peter/.m2/repository/io/fabric8/openshift-model-clusterautoscaling/5.12.1/openshift-model-clusterautoscaling-5.12.1.jar:/home/peter/.m2/repository/io/fabric8/openshift-model-operator/5.12.1/openshift-model-operator-5.12.1.jar:/home/peter/.m2/repository/io/fabric8/openshift-model-operatorhub/5.12.1/openshift-model-operatorhub-5.12.1.jar:/home/peter/.m2/repository/io/fabric8/openshift-model-machine/5.12.1/openshift-model-machine-5.12.1.jar:/home/peter/.m2/repository/io/fabric8/openshift-model-whereabouts/5.12.1/openshift-model-whereabouts-5.12.1.jar:/home/peter/.m2/repository/io/fabric8/openshift-model-monitoring/5.12.1/openshift-model-monitoring-5.12.1.jar:/home/peter/.m2/repository/io/fabric8/openshift-model-storageversionmigrator/5.12.1/openshift-model-storageversionmigrator-5.12.1.jar:/home/peter/.m2/repository/io/fabric8/openshift-model-tuned/5.12.1/openshift-model-tuned-5.12.1.jar:/home/peter/.m2/repository/io/fabric8/openshift-model-console/5.12.1/openshift-model-console-5.12.1.jar:/home/peter/.m2/repository/io/fabric8/openshift-model-machineconfig/5.12.1/openshift-model-machineconfig-5.12.1.jar:/home/peter/.m2/repository/io/fabric8/openshift-model-miscellaneous/5.12.1/openshift-model-miscellaneous-5.12.1.jar:/home/peter/.m2/repository/io/fabric8/openshift-model-hive/5.12.1/openshift-model-hive-5.12.1.jar:/home/peter/.m2/repository/io/fabric8/openshift-model-installer/5.12.1/openshift-model-installer-5.12.1.jar:/home/peter/.m2/repository/org/junit/jupiter/junit-jupiter-engine/5.8.2/junit-jupiter-engine-5.8.2.jar:/home/peter/.m2/repository/org/junit/platform/junit-platform-engine/1.8.2/junit-platform-engine-1.8.2.jar:/home/peter/.m2/repository/io/dekorate/kubernetes-junit/2.11.6/kubernetes-junit-2.11.6.jar:/home/peter/.m2/repository/io/dekorate/kubernetes-annotations/2.11.6/kubernetes-annotations-2.11.6.jar:/home/peter/.m2/repository/io/dekorate/docker-annotations/2.11.6/docker-annotations-2.11.6.jar:"/>
    <property name="java.vm.vendor" value="Ubuntu"/>
    <property name="sun.arch.data.model" value="64"/>
    <property name="java.vendor.url" value="https://ubuntu.com/"/>
    <property name="os.name" value="Linux"/>
    <property name="java.vm.specification.version" value="21"/>
    <property name="sun.java.launcher" value="SUN_STANDARD"/>
    <property name="user.country" value="US"/>
    <property name="sun.boot.library.path" value="/usr/lib/jvm/java-21-openjdk-amd64/lib"/>
    <property name="sun.java.command" value="/home/peter/Documents/munka/mvm/openshift_git_projects/rest-http-example/target/surefire/surefirebooter1427947133000454614.jar /home/peter/Documents/munka/mvm/openshift_git_projects/rest-http-example/target/surefire 2024-09-19T17-47-08_464-jvmRun1 surefire8342009891763636649tmp surefire_04852749520574567312tmp"/>
    <property name="jdk.debug" value="release"/>
    <property name="surefire.test.class.path" value="/home/peter/Documents/munka/mvm/openshift_git_projects/rest-http-example/target/test-classes:/home/peter/Documents/munka/mvm/openshift_git_projects/rest-http-example/target/classes:/home/peter/.m2/repository/org/springframework/boot/spring-boot-starter-actuator/2.7.18/spring-boot-starter-actuator-2.7.18.jar:/home/peter/.m2/repository/org/springframework/boot/spring-boot-starter/2.7.18/spring-boot-starter-2.7.18.jar:/home/peter/.m2/repository/org/springframework/boot/spring-boot-starter-logging/2.7.18/spring-boot-starter-logging-2.7.18.jar:/home/peter/.m2/repository/ch/qos/logback/logback-classic/1.2.12/logback-classic-1.2.12.jar:/home/peter/.m2/repository/ch/qos/logback/logback-core/1.2.12/logback-core-1.2.12.jar:/home/peter/.m2/repository/org/apache/logging/log4j/log4j-to-slf4j/2.17.2/log4j-to-slf4j-2.17.2.jar:/home/peter/.m2/repository/org/apache/logging/log4j/log4j-api/2.17.2/log4j-api-2.17.2.jar:/home/peter/.m2/repository/org/slf4j/jul-to-slf4j/1.7.36/jul-to-slf4j-1.7.36.jar:/home/peter/.m2/repository/jakarta/annotation/jakarta.annotation-api/1.3.5/jakarta.annotation-api-1.3.5.jar:/home/peter/.m2/repository/org/yaml/snakeyaml/1.30/snakeyaml-1.30.jar:/home/peter/.m2/repository/org/springframework/boot/spring-boot-actuator-autoconfigure/2.7.18/spring-boot-actuator-autoconfigure-2.7.18.jar:/home/peter/.m2/repository/org/springframework/boot/spring-boot-actuator/2.7.18/spring-boot-actuator-2.7.18.jar:/home/peter/.m2/repository/io/micrometer/micrometer-core/1.9.17/micrometer-core-1.9.17.jar:/home/peter/.m2/repository/org/hdrhistogram/HdrHistogram/2.1.12/HdrHistogram-2.1.12.jar:/home/peter/.m2/repository/org/latencyutils/LatencyUtils/2.0.3/LatencyUtils-2.0.3.jar:/home/peter/.m2/repository/org/jboss/resteasy/resteasy-spring-boot-starter/3.9.4.Final/resteasy-spring-boot-starter-3.9.4.Final.jar:/home/peter/.m2/repository/org/springframework/boot/spring-boot-starter-web/2.7.18/spring-boot-starter-web-2.7.18.jar:/home/peter/.m2/repository/org/springframework/boot/spring-boot-starter-json/2.7.18/spring-boot-starter-json-2.7.18.jar:/home/peter/.m2/repository/org/springframework/boot/spring-boot-starter-tomcat/2.7.18/spring-boot-starter-tomcat-2.7.18.jar:/home/peter/.m2/repository/org/apache/tomcat/embed/tomcat-embed-core/9.0.83/tomcat-embed-core-9.0.83.jar:/home/peter/.m2/repository/org/apache/tomcat/embed/tomcat-embed-el/9.0.83/tomcat-embed-el-9.0.83.jar:/home/peter/.m2/repository/org/apache/tomcat/embed/tomcat-embed-websocket/9.0.83/tomcat-embed-websocket-9.0.83.jar:/home/peter/.m2/repository/org/springframework/spring-web/5.3.31/spring-web-5.3.31.jar:/home/peter/.m2/repository/org/springframework/spring-beans/5.3.31/spring-beans-5.3.31.jar:/home/peter/.m2/repository/org/springframework/spring-webmvc/5.3.31/spring-webmvc-5.3.31.jar:/home/peter/.m2/repository/org/springframework/spring-aop/5.3.31/spring-aop-5.3.31.jar:/home/peter/.m2/repository/org/springframework/spring-expression/5.3.31/spring-expression-5.3.31.jar:/home/peter/.m2/repository/org/jboss/resteasy/resteasy-jaxrs/3.15.3.Final/resteasy-jaxrs-3.15.3.Final.jar:/home/peter/.m2/repository/org/jboss/spec/javax/ws/rs/jboss-jaxrs-api_2.1_spec/2.0.1.Final/jboss-jaxrs-api_2.1_spec-2.0.1.Final.jar:/home/peter/.m2/repository/org/jboss/spec/javax/xml/bind/jboss-jaxb-api_2.3_spec/2.0.1.Final/jboss-jaxb-api_2.3_spec-2.0.1.Final.jar:/home/peter/.m2/repository/org/reactivestreams/reactive-streams/1.0.4/reactive-streams-1.0.4.jar:/home/peter/.m2/repository/jakarta/validation/jakarta.validation-api/2.0.2/jakarta.validation-api-2.0.2.jar:/home/peter/.m2/repository/org/jboss/spec/javax/annotation/jboss-annotations-api_1.3_spec/2.0.1.Final/jboss-annotations-api_1.3_spec-2.0.1.Final.jar:/home/peter/.m2/repository/com/sun/activation/jakarta.activation/1.2.2/jakarta.activation-1.2.2.jar:/home/peter/.m2/repository/commons-io/commons-io/2.5/commons-io-2.5.jar:/home/peter/.m2/repository/com/github/stephenc/jcip/jcip-annotations/1.0-1/jcip-annotations-1.0-1.jar:/home/peter/.m2/repository/org/jboss/resteasy/resteasy-servlet-initializer/3.15.3.Final/resteasy-servlet-initializer-3.15.3.Final.jar:/home/peter/.m2/repository/org/jboss/resteasy/resteasy-spring/3.15.3.Final/resteasy-spring-3.15.3.Final.jar:/home/peter/.m2/repository/org/jboss/resteasy/resteasy-jackson2-provider/3.15.3.Final/resteasy-jackson2-provider-3.15.3.Final.jar:/home/peter/.m2/repository/com/github/fge/json-patch/1.9/json-patch-1.9.jar:/home/peter/.m2/repository/com/github/fge/jackson-coreutils/1.6/jackson-coreutils-1.6.jar:/home/peter/.m2/repository/com/github/fge/msg-simple/1.1/msg-simple-1.1.jar:/home/peter/.m2/repository/com/github/fge/btf/1.2/btf-1.2.jar:/home/peter/.m2/repository/javax/servlet/javax.servlet-api/4.0.1/javax.servlet-api-4.0.1.jar:/home/peter/.m2/repository/javax/annotation/javax.annotation-api/1.3.2/javax.annotation-api-1.3.2.jar:/home/peter/.m2/repository/org/glassfish/javax.json/1.1.2/javax.json-1.1.2.jar:/home/peter/.m2/repository/javax/json/javax.json-api/1.1.4/javax.json-api-1.1.4.jar:/home/peter/.m2/repository/org/slf4j/slf4j-api/1.7.36/slf4j-api-1.7.36.jar:/home/peter/.m2/repository/org/jboss/logging/jboss-logging/3.4.3.Final/jboss-logging-3.4.3.Final.jar:/home/peter/.m2/repository/com/fasterxml/jackson/core/jackson-databind/2.13.5/jackson-databind-2.13.5.jar:/home/peter/.m2/repository/com/fasterxml/jackson/core/jackson-core/2.13.5/jackson-core-2.13.5.jar:/home/peter/.m2/repository/com/fasterxml/jackson/jaxrs/jackson-jaxrs-json-provider/2.13.5/jackson-jaxrs-json-provider-2.13.5.jar:/home/peter/.m2/repository/com/fasterxml/jackson/jaxrs/jackson-jaxrs-base/2.13.5/jackson-jaxrs-base-2.13.5.jar:/home/peter/.m2/repository/com/fasterxml/jackson/module/jackson-module-jaxb-annotations/2.13.5/jackson-module-jaxb-annotations-2.13.5.jar:/home/peter/.m2/repository/com/fasterxml/jackson/datatype/jackson-datatype-jdk8/2.13.5/jackson-datatype-jdk8-2.13.5.jar:/home/peter/.m2/repository/com/fasterxml/jackson/module/jackson-module-parameter-names/2.13.5/jackson-module-parameter-names-2.13.5.jar:/home/peter/.m2/repository/com/fasterxml/jackson/datatype/jackson-datatype-jsr310/2.13.5/jackson-datatype-jsr310-2.13.5.jar:/home/peter/.m2/repository/com/fasterxml/jackson/core/jackson-annotations/2.13.5/jackson-annotations-2.13.5.jar:/home/peter/.m2/repository/com/google/guava/guava/25.0-jre/guava-25.0-jre.jar:/home/peter/.m2/repository/com/google/code/findbugs/jsr305/1.3.9/jsr305-1.3.9.jar:/home/peter/.m2/repository/org/checkerframework/checker-compat-qual/2.0.0/checker-compat-qual-2.0.0.jar:/home/peter/.m2/repository/com/google/errorprone/error_prone_annotations/2.1.3/error_prone_annotations-2.1.3.jar:/home/peter/.m2/repository/com/google/j2objc/j2objc-annotations/1.1/j2objc-annotations-1.1.jar:/home/peter/.m2/repository/org/codehaus/mojo/animal-sniffer-annotations/1.14/animal-sniffer-annotations-1.14.jar:/home/peter/.m2/repository/org/junit/jupiter/junit-jupiter-api/5.8.2/junit-jupiter-api-5.8.2.jar:/home/peter/.m2/repository/org/opentest4j/opentest4j/1.2.0/opentest4j-1.2.0.jar:/home/peter/.m2/repository/org/junit/platform/junit-platform-commons/1.8.2/junit-platform-commons-1.8.2.jar:/home/peter/.m2/repository/org/apiguardian/apiguardian-api/1.1.2/apiguardian-api-1.1.2.jar:/home/peter/.m2/repository/org/springframework/boot/spring-boot-devtools/2.7.18/spring-boot-devtools-2.7.18.jar:/home/peter/.m2/repository/org/springframework/boot/spring-boot/2.7.18/spring-boot-2.7.18.jar:/home/peter/.m2/repository/org/springframework/spring-context/5.3.31/spring-context-5.3.31.jar:/home/peter/.m2/repository/org/springframework/boot/spring-boot-autoconfigure/2.7.18/spring-boot-autoconfigure-2.7.18.jar:/home/peter/.m2/repository/org/springframework/boot/spring-boot-starter-test/2.7.18/spring-boot-starter-test-2.7.18.jar:/home/peter/.m2/repository/org/springframework/boot/spring-boot-test/2.7.18/spring-boot-test-2.7.18.jar:/home/peter/.m2/repository/org/springframework/boot/spring-boot-test-autoconfigure/2.7.18/spring-boot-test-autoconfigure-2.7.18.jar:/home/peter/.m2/repository/com/jayway/jsonpath/json-path/2.7.0/json-path-2.7.0.jar:/home/peter/.m2/repository/net/minidev/json-smart/2.4.11/json-smart-2.4.11.jar:/home/peter/.m2/repository/net/minidev/accessors-smart/2.4.11/accessors-smart-2.4.11.jar:/home/peter/.m2/repository/org/ow2/asm/asm/9.3/asm-9.3.jar:/home/peter/.m2/repository/jakarta/xml/bind/jakarta.xml.bind-api/2.3.3/jakarta.xml.bind-api-2.3.3.jar:/home/peter/.m2/repository/jakarta/activation/jakarta.activation-api/1.2.2/jakarta.activation-api-1.2.2.jar:/home/peter/.m2/repository/org/assertj/assertj-core/3.22.0/assertj-core-3.22.0.jar:/home/peter/.m2/repository/org/hamcrest/hamcrest/2.2/hamcrest-2.2.jar:/home/peter/.m2/repository/org/junit/jupiter/junit-jupiter/5.8.2/junit-jupiter-5.8.2.jar:/home/peter/.m2/repository/org/junit/jupiter/junit-jupiter-params/5.8.2/junit-jupiter-params-5.8.2.jar:/home/peter/.m2/repository/org/mockito/mockito-core/4.5.1/mockito-core-4.5.1.jar:/home/peter/.m2/repository/net/bytebuddy/byte-buddy/1.12.23/byte-buddy-1.12.23.jar:/home/peter/.m2/repository/net/bytebuddy/byte-buddy-agent/1.12.23/byte-buddy-agent-1.12.23.jar:/home/peter/.m2/repository/org/objenesis/objenesis/3.2/objenesis-3.2.jar:/home/peter/.m2/repository/org/mockito/mockito-junit-jupiter/4.5.1/mockito-junit-jupiter-4.5.1.jar:/home/peter/.m2/repository/org/skyscreamer/jsonassert/1.5.1/jsonassert-1.5.1.jar:/home/peter/.m2/repository/com/vaadin/external/google/android-json/0.0.20131108.vaadin1/android-json-0.0.20131108.vaadin1.jar:/home/peter/.m2/repository/org/springframework/spring-core/5.3.31/spring-core-5.3.31.jar:/home/peter/.m2/repository/org/springframework/spring-jcl/5.3.31/spring-jcl-5.3.31.jar:/home/peter/.m2/repository/org/springframework/spring-test/5.3.31/spring-test-5.3.31.jar:/home/peter/.m2/repository/org/xmlunit/xmlunit-core/2.9.1/xmlunit-core-2.9.1.jar:/home/peter/.m2/repository/io/rest-assured/rest-assured/4.5.1/rest-assured-4.5.1.jar:/home/peter/.m2/repository/org/codehaus/groovy/groovy/3.0.19/groovy-3.0.19.jar:/home/peter/.m2/repository/org/codehaus/groovy/groovy-xml/3.0.19/groovy-xml-3.0.19.jar:/home/peter/.m2/repository/org/apache/httpcomponents/httpclient/4.5.14/httpclient-4.5.14.jar:/home/peter/.m2/repository/org/apache/httpcomponents/httpcore/4.4.16/httpcore-4.4.16.jar:/home/peter/.m2/repository/commons-codec/commons-codec/1.15/commons-codec-1.15.jar:/home/peter/.m2/repository/org/apache/httpcomponents/httpmime/4.5.14/httpmime-4.5.14.jar:/home/peter/.m2/repository/org/ccil/cowan/tagsoup/tagsoup/1.2.1/tagsoup-1.2.1.jar:/home/peter/.m2/repository/io/rest-assured/json-path/4.5.1/json-path-4.5.1.jar:/home/peter/.m2/repository/org/codehaus/groovy/groovy-json/3.0.19/groovy-json-3.0.19.jar:/home/peter/.m2/repository/io/rest-assured/rest-assured-common/4.5.1/rest-assured-common-4.5.1.jar:/home/peter/.m2/repository/io/rest-assured/xml-path/4.5.1/xml-path-4.5.1.jar:/home/peter/.m2/repository/org/apache/commons/commons-lang3/3.12.0/commons-lang3-3.12.0.jar:/home/peter/.m2/repository/io/dekorate/openshift-junit/2.11.6/openshift-junit-2.11.6.jar:/home/peter/.m2/repository/io/dekorate/dekorate-core/2.11.6/dekorate-core-2.11.6.jar:/home/peter/.m2/repository/io/fabric8/kubernetes-client/5.12.1/kubernetes-client-5.12.1.jar:/home/peter/.m2/repository/io/fabric8/kubernetes-model-core/5.12.1/kubernetes-model-core-5.12.1.jar:/home/peter/.m2/repository/io/fabric8/kubernetes-model-common/5.12.1/kubernetes-model-common-5.12.1.jar:/home/peter/.m2/repository/io/fabric8/kubernetes-model-rbac/5.12.1/kubernetes-model-rbac-5.12.1.jar:/home/peter/.m2/repository/io/fabric8/kubernetes-model-admissionregistration/5.12.1/kubernetes-model-admissionregistration-5.12.1.jar:/home/peter/.m2/repository/io/fabric8/kubernetes-model-apps/5.12.1/kubernetes-model-apps-5.12.1.jar:/home/peter/.m2/repository/io/fabric8/kubernetes-model-autoscaling/5.12.1/kubernetes-model-autoscaling-5.12.1.jar:/home/peter/.m2/repository/io/fabric8/kubernetes-model-apiextensions/5.12.1/kubernetes-model-apiextensions-5.12.1.jar:/home/peter/.m2/repository/io/fabric8/kubernetes-model-batch/5.12.1/kubernetes-model-batch-5.12.1.jar:/home/peter/.m2/repository/io/fabric8/kubernetes-model-certificates/5.12.1/kubernetes-model-certificates-5.12.1.jar:/home/peter/.m2/repository/io/fabric8/kubernetes-model-coordination/5.12.1/kubernetes-model-coordination-5.12.1.jar:/home/peter/.m2/repository/io/fabric8/kubernetes-model-discovery/5.12.1/kubernetes-model-discovery-5.12.1.jar:/home/peter/.m2/repository/io/fabric8/kubernetes-model-events/5.12.1/kubernetes-model-events-5.12.1.jar:/home/peter/.m2/repository/io/fabric8/kubernetes-model-extensions/5.12.1/kubernetes-model-extensions-5.12.1.jar:/home/peter/.m2/repository/io/fabric8/kubernetes-model-flowcontrol/5.12.1/kubernetes-model-flowcontrol-5.12.1.jar:/home/peter/.m2/repository/io/fabric8/kubernetes-model-networking/5.12.1/kubernetes-model-networking-5.12.1.jar:/home/peter/.m2/repository/io/fabric8/kubernetes-model-metrics/5.12.1/kubernetes-model-metrics-5.12.1.jar:/home/peter/.m2/repository/io/fabric8/kubernetes-model-policy/5.12.1/kubernetes-model-policy-5.12.1.jar:/home/peter/.m2/repository/io/fabric8/kubernetes-model-scheduling/5.12.1/kubernetes-model-scheduling-5.12.1.jar:/home/peter/.m2/repository/io/fabric8/kubernetes-model-storageclass/5.12.1/kubernetes-model-storageclass-5.12.1.jar:/home/peter/.m2/repository/io/fabric8/kubernetes-model-node/5.12.1/kubernetes-model-node-5.12.1.jar:/home/peter/.m2/repository/com/squareup/okhttp3/okhttp/4.9.3/okhttp-4.9.3.jar:/home/peter/.m2/repository/com/squareup/okio/okio/2.8.0/okio-2.8.0.jar:/home/peter/.m2/repository/org/jetbrains/kotlin/kotlin-stdlib-common/1.6.21/kotlin-stdlib-common-1.6.21.jar:/home/peter/.m2/repository/org/jetbrains/kotlin/kotlin-stdlib/1.6.21/kotlin-stdlib-1.6.21.jar:/home/peter/.m2/repository/org/jetbrains/annotations/13.0/annotations-13.0.jar:/home/peter/.m2/repository/com/squareup/okhttp3/logging-interceptor/4.9.3/logging-interceptor-4.9.3.jar:/home/peter/.m2/repository/org/jetbrains/kotlin/kotlin-stdlib-jdk8/1.6.21/kotlin-stdlib-jdk8-1.6.21.jar:/home/peter/.m2/repository/org/jetbrains/kotlin/kotlin-stdlib-jdk7/1.6.21/kotlin-stdlib-jdk7-1.6.21.jar:/home/peter/.m2/repository/io/fabric8/zjsonpatch/0.3.0/zjsonpatch-0.3.0.jar:/home/peter/.m2/repository/com/github/mifmif/generex/1.0.2/generex-1.0.2.jar:/home/peter/.m2/repository/dk/brics/automaton/automaton/1.11-8/automaton-1.11-8.jar:/home/peter/.m2/repository/org/apache/commons/commons-compress/1.21/commons-compress-1.21.jar:/home/peter/.m2/repository/com/fasterxml/jackson/dataformat/jackson-dataformat-yaml/2.13.5/jackson-dataformat-yaml-2.13.5.jar:/home/peter/.m2/repository/com/fasterxml/jackson/dataformat/jackson-dataformat-properties/2.13.5/jackson-dataformat-properties-2.13.5.jar:/home/peter/.m2/repository/org/fusesource/jansi/jansi/1.18/jansi-1.18.jar:/home/peter/.m2/repository/io/dekorate/core-junit/2.11.6/core-junit-2.11.6.jar:/home/peter/.m2/repository/io/dekorate/openshift-annotations/2.11.6/openshift-annotations-2.11.6.jar:/home/peter/.m2/repository/io/dekorate/option-annotations/2.11.6/option-annotations-2.11.6.jar:/home/peter/.m2/repository/io/dekorate/s2i-annotations/2.11.6/s2i-annotations-2.11.6.jar:/home/peter/.m2/repository/io/fabric8/openshift-client/5.12.1/openshift-client-5.12.1.jar:/home/peter/.m2/repository/io/fabric8/openshift-model/5.12.1/openshift-model-5.12.1.jar:/home/peter/.m2/repository/io/fabric8/openshift-model-clusterautoscaling/5.12.1/openshift-model-clusterautoscaling-5.12.1.jar:/home/peter/.m2/repository/io/fabric8/openshift-model-operator/5.12.1/openshift-model-operator-5.12.1.jar:/home/peter/.m2/repository/io/fabric8/openshift-model-operatorhub/5.12.1/openshift-model-operatorhub-5.12.1.jar:/home/peter/.m2/repository/io/fabric8/openshift-model-machine/5.12.1/openshift-model-machine-5.12.1.jar:/home/peter/.m2/repository/io/fabric8/openshift-model-whereabouts/5.12.1/openshift-model-whereabouts-5.12.1.jar:/home/peter/.m2/repository/io/fabric8/openshift-model-monitoring/5.12.1/openshift-model-monitoring-5.12.1.jar:/home/peter/.m2/repository/io/fabric8/openshift-model-storageversionmigrator/5.12.1/openshift-model-storageversionmigrator-5.12.1.jar:/home/peter/.m2/repository/io/fabric8/openshift-model-tuned/5.12.1/openshift-model-tuned-5.12.1.jar:/home/peter/.m2/repository/io/fabric8/openshift-model-console/5.12.1/openshift-model-console-5.12.1.jar:/home/peter/.m2/repository/io/fabric8/openshift-model-machineconfig/5.12.1/openshift-model-machineconfig-5.12.1.jar:/home/peter/.m2/repository/io/fabric8/openshift-model-miscellaneous/5.12.1/openshift-model-miscellaneous-5.12.1.jar:/home/peter/.m2/repository/io/fabric8/openshift-model-hive/5.12.1/openshift-model-hive-5.12.1.jar:/home/peter/.m2/repository/io/fabric8/openshift-model-installer/5.12.1/openshift-model-installer-5.12.1.jar:/home/peter/.m2/repository/org/junit/jupiter/junit-jupiter-engine/5.8.2/junit-jupiter-engine-5.8.2.jar:/home/peter/.m2/repository/org/junit/platform/junit-platform-engine/1.8.2/junit-platform-engine-1.8.2.jar:/home/peter/.m2/repository/io/dekorate/kubernetes-junit/2.11.6/kubernetes-junit-2.11.6.jar:/home/peter/.m2/repository/io/dekorate/kubernetes-annotations/2.11.6/kubernetes-annotations-2.11.6.jar:/home/peter/.m2/repository/io/dekorate/docker-annotations/2.11.6/docker-annotations-2.11.6.jar:"/>
    <property name="sun.cpu.endian" value="little"/>
    <property name="user.home" value="/home/peter"/>
    <property name="user.language" value="en"/>
    <property name="java.specification.vendor" value="Oracle Corporation"/>
    <property name="java.version.date" value="2024-07-16"/>
    <property name="java.home" value="/usr/lib/jvm/java-21-openjdk-amd64"/>
    <property name="file.separator" value="/"/>
    <property name="basedir" value="/home/peter/Documents/munka/mvm/openshift_git_projects/rest-http-example"/>
    <property name="java.vm.compressedOopsMode" value="Zero based"/>
    <property name="line.separator" value="&#10;"/>
    <property name="java.specification.name" value="Java Platform API Specification"/>
    <property name="java.vm.specification.vendor" value="Oracle Corporation"/>
    <property name="surefire.real.class.path" value="/home/peter/Documents/munka/mvm/openshift_git_projects/rest-http-example/target/surefire/surefirebooter1427947133000454614.jar"/>
    <property name="sun.management.compiler" value="HotSpot 64-Bit Tiered Compilers"/>
    <property name="java.runtime.version" value="21.0.4+7-Ubuntu-1ubuntu224.04"/>
    <property name="user.name" value="peter"/>
    <property name="stdout.encoding" value="UTF-8"/>
    <property name="path.separator" value=":"/>
    <property name="os.version" value="6.8.0-45-generic"/>
    <property name="java.runtime.name" value="OpenJDK Runtime Environment"/>
    <property name="file.encoding" value="UTF-8"/>
    <property name="java.vm.name" value="OpenJDK 64-Bit Server VM"/>
    <property name="localRepository" value="/home/peter/.m2/repository"/>
    <property name="java.vendor.url.bug" value="https://bugs.launchpad.net/ubuntu/+source/openjdk-21"/>
    <property name="java.io.tmpdir" value="/tmp"/>
    <property name="java.version" value="21.0.4"/>
    <property name="user.dir" value="/home/peter/Documents/munka/mvm/openshift_git_projects/rest-http-example"/>
    <property name="os.arch" value="amd64"/>
    <property name="java.vm.specification.name" value="Java Virtual Machine Specification"/>
    <property name="native.encoding" value="UTF-8"/>
    <property name="java.library.path" value="/usr/java/packages/lib:/usr/lib/x86_64-linux-gnu/jni:/lib/x86_64-linux-gnu:/usr/lib/x86_64-linux-gnu:/usr/lib/jni:/lib:/usr/lib"/>
    <property name="java.vm.info" value="mixed mode, sharing"/>
    <property name="stderr.encoding" value="UTF-8"/>
    <property name="java.vendor" value="Ubuntu"/>
    <property name="java.vm.version" value="21.0.4+7-Ubuntu-1ubuntu224.04"/>
    <property name="sun.io.unicode.encoding" value="UnicodeLittle"/>
    <property name="java.class.version" value="65.0"/>
  </properties>
  <testcase name="testGreetingEndpointWithNameParameter" classname="dev.snowdrop.example.LocalTest" time="1.44"/>
  <testcase name="testGreetingEndpoint" classname="dev.snowdrop.example.LocalTest" time="0.028"/>
</testsuite>